{
  "RSpec": {
    "coverage": {
      "/Users/apprentice/jae/READme/app/models/user.rb": [
        1,
        null,
        1,
        null,
        null,
        1,
        null,
        null,
        1,
        1,
        1,
        null,
        null,
        1,
        0,
        0,
        0,
        0,
        0,
        0,
        null,
        null,
        null,
        1,
        0,
        null,
        null,
        null,
        null,
        null,
        1,
        0,
        0,
        null,
        null,
        null,
        null,
        null,
        null,
        null,
        null,
        null,
        1,
        0,
        0,
        null,
        null,
        1,
        28,
        28,
        28,
        null,
        28,
        28,
        null,
        null,
        1,
        3,
        3,
        3,
        3,
        null,
        3,
        15,
        15,
        null,
        null,
        3,
        null,
        null,
        1,
        0,
        0,
        0,
        null,
        0,
        null,
        null,
        1,
        0,
        0,
        0,
        0,
        null,
        null,
        null,
        null,
        null,
        null,
        null,
        null,
        null,
        null,
        null,
        null,
        1,
        0,
        0,
        0,
        0,
        0,
        0,
        0,
        null,
        null,
        0,
        0,
        null,
        null,
        0,
        null,
        null,
        1,
        0,
        0,
        0,
        null,
        null,
        1,
        0,
        0,
        null,
        null,
        1,
        0,
        0,
        null,
        0,
        null,
        null,
        null,
        null,
        1,
        0,
        0,
        0,
        0,
        0,
        0,
        0,
        null,
        null,
        null,
        1,
        0,
        0,
        0,
        null,
        null,
        1,
        0,
        0,
        0,
        0,
        null,
        0,
        null,
        null,
        null,
        null,
        1,
        0,
        0,
        0,
        0,
        0,
        null,
        0,
        null,
        0,
        null,
        null,
        null,
        1,
        0,
        null,
        null,
        1,
        0,
        null,
        null
      ],
      "/Users/apprentice/jae/READme/app/models/application_record.rb": [
        1,
        1,
        null
      ],
      "/Users/apprentice/jae/READme/app/helpers/application_helper.rb": [
        1,
        null
      ],
      "/Users/apprentice/jae/READme/app/controllers/users_controller.rb": [
        1,
        1,
        0,
        0,
        null,
        0,
        null,
        null,
        null
      ],
      "/Users/apprentice/jae/READme/app/controllers/application_controller.rb": [
        1,
        1,
        null
      ],
      "/Users/apprentice/jae/READme/app/models/author.rb": [
        1,
        1,
        1,
        1,
        null,
        1,
        null
      ],
      "/Users/apprentice/jae/READme/app/models/book.rb": [
        1,
        1,
        1,
        1,
        null,
        1,
        null
      ],
      "/Users/apprentice/jae/READme/app/models/follow.rb": [
        1,
        1,
        1,
        null
      ]
    },
    "timestamp": 1504743362
  }
}
